<?xml version="1.0" encoding="UTF-8"?>
<!-- Generated by org.testng.reporters.JUnitReportReporter -->
<testsuite hostname="DESKTOP-P1FTGIL" failures="0" tests="1" name="com.Project_HRA.TestScript_01" time="0.015" errors="0" timestamp="2023-03-31T13:03:16 IST" skipped="0">
  <testcase classname="com.Project_HRA.TestScript_01" name="test1" time="0.015"/>
  <system-out/>
</testsuite> <!-- com.Project_HRA.TestScript_01 -->
