<?xml version="1.0" encoding="UTF-8"?>
<!-- Generated by org.testng.reporters.JUnitReportReporter -->
<testsuite skipped="0" hostname="DESKTOP-P1FTGIL" name="com.HRA_project.TestScript_02" tests="1" failures="0" timestamp="2023-03-31T21:22:55 IST" time="0.012" errors="0">
  <testcase name="deleteAgain" time="0.012" classname="com.HRA_project.TestScript_02"/>
  <system-out/>
</testsuite> <!-- com.HRA_project.TestScript_02 -->
