<?xml version="1.0" encoding="UTF-8"?>
<!-- Generated by org.testng.reporters.JUnitReportReporter -->
<testsuite skipped="0" hostname="DESKTOP-P1FTGIL" name="com.HRA_project.TestScript_01Test" tests="2" failures="0" timestamp="2023-04-09T11:43:38 IST" time="0.001" errors="0">
  <testcase name="test1" time="0.000" classname="com.HRA_project.TestScript_01Test"/>
  <system-out/>
  <testcase name="test2" time="0.001" classname="com.HRA_project.TestScript_01Test"/>
  <system-out/>
</testsuite> <!-- com.HRA_project.TestScript_01Test -->
