<?xml version="1.0" encoding="UTF-8"?>
<!-- Generated by org.testng.reporters.JUnitReportReporter -->
<testsuite skipped="0" hostname="DESKTOP-P1FTGIL" name="com.HRA_project.ParameterTest" tests="1" failures="0" timestamp="2023-04-03T09:58:34 IST" time="0.012" errors="0">
  <testcase name="testlavanaya" time="0.012" classname="com.HRA_project.ParameterTest"/>
  <system-out/>
</testsuite> <!-- com.HRA_project.ParameterTest -->
